<?xml version="1.0" encoding="UTF-8"?>
<!-- Generated by org.testng.reporters.JUnitReportReporter -->
<testsuite skipped="0" hostname="DESKTOP-0GIIAAP" name="section20maven.Mavenjava.RESTAPITest" tests="2" failures="0" timestamp="2020-06-19T04:22:57 IST" time="0.000" errors="0">
  <testcase name="postJira" time="0.000" classname="section20maven.Mavenjava.RESTAPITest"/>
  <system-out/>
  <testcase name="deletTwitter" time="0.000" classname="section20maven.Mavenjava.RESTAPITest"/>
  <system-out/>
</testsuite> <!-- section20maven.Mavenjava.RESTAPITest -->
