<?xml version="1.0" encoding="UTF-8"?>
<!-- Generated by org.testng.reporters.JUnitReportReporter -->
<testsuite skipped="0" hostname="DESKTOP-0GIIAAP" name="section20maven.Mavenjava.AppiumTest" tests="2" failures="0" timestamp="2020-06-19T04:22:57 IST" time="0.007" errors="0">
  <testcase name="nativeAppAndroid" time="0.001" classname="section20maven.Mavenjava.AppiumTest"/>
  <system-out/>
  <testcase name="IOSApp" time="0.006" classname="section20maven.Mavenjava.AppiumTest"/>
  <system-out/>
</testsuite> <!-- section20maven.Mavenjava.AppiumTest -->
